\BOOKMARK [0][-]{chapter.1}{\376\377\000W\000s\000t\001\031\000p}{}% 1
\BOOKMARK [1][-]{section.1.1}{\376\377\000W\000p\000r\000o\000w\000a\000d\000z\000e\000n\000i\000e\000\040\000i\000\040\000p\000r\000z\000e\000g\000l\001\005\000d\000\040\000l\000i\000t\000e\000r\000a\000t\000u\000r\000y}{chapter.1}% 2
\BOOKMARK [1][-]{section.1.2}{\376\377\000C\000e\000l\000\040\000i\000\040\000z\000a\000k\000r\000e\000s\000\040\000p\000r\000a\000c\000y}{chapter.1}% 3
\BOOKMARK [1][-]{section.1.3}{\376\377\000S\000t\000r\000u\000k\000t\000u\000r\000a\000\040\000p\000r\000a\000c\000y}{chapter.1}% 4
\BOOKMARK [0][-]{chapter.2}{\376\377\000T\000e\000k\000s\000t\000\040\000g\001\102\000\363\000w\000n\000y}{}% 5
\BOOKMARK [1][-]{section.2.1}{\376\377\000P\000o\000d\000z\000i\000a\001\102}{chapter.2}% 6
\BOOKMARK [1][-]{section.2.2}{\376\377\000S\001\102\000o\000w\000n\000i\000c\000t\000w\000o}{chapter.2}% 7
\BOOKMARK [1][-]{section.2.3}{\376\377\000I\000m\000i\000o\000n\000a\000\040\000i\000\040\000n\000a\000z\000w\000i\000s\000k\000a}{chapter.2}% 8
\BOOKMARK [1][-]{section.2.4}{\376\377\000S\000k\000r\000\363\000t\000y}{chapter.2}% 9
\BOOKMARK [1][-]{section.2.5}{\376\377\000Z\000a\000p\000i\000s\000\040\000m\000a\000t\000e\000m\000a\000t\000y\000c\000z\000n\000y}{chapter.2}% 10
\BOOKMARK [1][-]{section.2.6}{\376\377\000J\000e\000d\000n\000o\000s\000t\000k\000i\000\040\000m\000i\000a\000r}{chapter.2}% 11
\BOOKMARK [0][-]{chapter.3}{\376\377\000T\000a\000b\000e\000l\000e}{}% 12
\BOOKMARK [1][-]{section.3.1}{\376\377\000W\000p\000r\000o\000w\000a\000d\000z\000e\000n\000i\000e}{chapter.3}% 13
\BOOKMARK [1][-]{section.3.2}{\376\377\000Z\000a\000s\000a\000d\000y\000\040\000s\000t\000o\000s\000o\000w\000a\000n\000i\000a\000\040\000t\000a\000b\000e\000l}{chapter.3}% 14
\BOOKMARK [1][-]{section.3.3}{\376\377\000B\000u\000d\000o\000w\000a}{chapter.3}% 15
\BOOKMARK [1][-]{section.3.4}{\376\377\000P\000r\000z\000y\000k\001\102\000a\000d\000y}{chapter.3}% 16
\BOOKMARK [0][-]{chapter.4}{\376\377\000I\000l\000u\000s\000t\000r\000a\000c\000j\000e}{}% 17
\BOOKMARK [1][-]{section.4.1}{\376\377\000W\000p\000r\000o\000w\000a\000d\000z\000e\000n\000i\000e}{chapter.4}% 18
\BOOKMARK [1][-]{section.4.2}{\376\377\000Z\000a\000s\000a\000d\000y\000\040\000s\000t\000o\000s\000o\000w\000a\000n\000i\000a\000\040\000i\000l\000u\000s\000t\000r\000a\000c\000j\000i}{chapter.4}% 19
\BOOKMARK [1][-]{section.4.3}{\376\377\000P\000r\000z\000y\000k\001\102\000a\000d\000y}{chapter.4}% 20
\BOOKMARK [0][-]{chapter.5}{\376\377\000D\000y\000s\000k\000u\000s\000j\000a\000\040\000r\000e\000z\000u\000l\000t\000a\000t\000\363\000w\000\040\000i\000\040\000w\000n\000i\000o\000s\000k\000i\000\040\000k\000o\001\104\000c\000o\000w\000e}{}% 21
\BOOKMARK [0][-]{appendix.A}{\376\377\000C\000e\000l\000\040\000d\000o\000d\000a\000t\000k\000\363\000w\000\040\000w\000\040\000p\000r\000a\000c\000y}{}% 22
\BOOKMARK [0][-]{appendix.B}{\376\377\000S\000k\001\102\000a\000d\000a\000n\000i\000e\000\040\000w\000z\000o\000r\000\363\000w}{}% 23
